# JRE version: OpenJDK Runtime Environment Temurin-21.0.6+7 (21.0.6+7) (build 21.0.6+7-LTS)
# Java VM: OpenJDK 64-Bit Server VM Temurin-21.0.6+7 (21.0.6+7-LTS, mixed mode, sharing, tiered, compressed oops, compressed class ptrs, parallel gc, windows-amd64)
GC Precious Log:
 CardTable entry size: 512
 CPUs: 4 total, 4 available
 Memory: 3790M
 Large Page Support: Disabled
 NUMA Support: Disabled
 Compressed Oops: Enabled (32-bit)
 Alignments: Space 512K, Generation 512K, Heap 2M
 Heap Min Capacity: 100M
 Heap Initial Capacity: 100M
 Heap Max Capacity: 1G
 Pre-touch: Disabled
 Parallel Workers: 4
Heap:
 PSYoungGen      total 3072K, used 3042K [0x00000000eab00000, 0x00000000eaf80000, 0x0000000100000000)
  eden space 2560K, 100% used [0x00000000eab00000,0x00000000ead80000,0x00000000ead80000)
  from space 512K, 94% used [0x00000000eae00000,0x00000000eae78970,0x00000000eae80000)
  to   space 1024K, 43% used [0x00000000eae80000,0x00000000eaef0000,0x00000000eaf80000)
 ParOldGen       total 286208K, used 285879K [0x00000000c0000000, 0x00000000d1780000, 0x00000000eab00000)
  object space 286208K, 99% used [0x00000000c0000000,0x00000000d172ddb8,0x00000000d1780000)
 Metaspace       used 54815K, committed 56128K, reserved 1114112K
  class space    used 5728K, committed 6336K, reserved 1048576K
GC Heap History (20 events):
Event: 147.872 GC heap before
{Heap before GC invocations=218 (full 2):
 PSYoungGen      total 3584K, used 3411K [0x00000000eab00000, 0x00000000eaf80000, 0x0000000100000000)
  eden space 2560K, 99% used [0x00000000eab00000,0x00000000ead7fc08,0x00000000ead80000)
  from space 1024K, 83% used [0x00000000ead80000,0x00000000eae550c8,0x00000000eae80000)
  to   space 1024K, 0% used [0x00000000eae80000,0x00000000eae80000,0x00000000eaf80000)
 ParOldGen       total 282624K, used 282232K [0x00000000c0000000, 0x00000000d1400000, 0x00000000eab00000)
  object space 282624K, 99% used [0x00000000c0000000,0x00000000d139e008,0x00000000d1400000)
 Metaspace       used 52474K, committed 53760K, reserved 1114112K
  class space    used 5503K, committed 6080K, reserved 1048576K
}
Event: 147.873 GC heap after
{Heap after GC invocations=218 (full 2):
 PSYoungGen      total 3584K, used 917K [0x00000000eab00000, 0x00000000eaf80000, 0x0000000100000000)
  eden space 2560K, 0% used [0x00000000eab00000,0x00000000eab00000,0x00000000ead80000)
  from space 1024K, 89% used [0x00000000eae80000,0x00000000eaf655e8,0x00000000eaf80000)
  to   space 1024K, 0% used [0x00000000ead80000,0x00000000ead80000,0x00000000eae80000)
 ParOldGen       total 283136K, used 283047K [0x00000000c0000000, 0x00000000d1480000, 0x00000000eab00000)
  object space 283136K, 99% used [0x00000000c0000000,0x00000000d1469cd0,0x00000000d1480000)
 Metaspace       used 52474K, committed 53760K, reserved 1114112K
  class space    used 5503K, committed 6080K, reserved 1048576K
}
Event: 149.045 GC heap before
{Heap before GC invocations=219 (full 2):
 PSYoungGen      total 3584K, used 3477K [0x00000000eab00000, 0x00000000eaf80000, 0x0000000100000000)
  eden space 2560K, 100% used [0x00000000eab00000,0x00000000ead80000,0x00000000ead80000)
  from space 1024K, 89% used [0x00000000eae80000,0x00000000eaf655e8,0x00000000eaf80000)
  to   space 1024K, 0% used [0x00000000ead80000,0x00000000ead80000,0x00000000eae80000)
 ParOldGen       total 283136K, used 283047K [0x00000000c0000000, 0x00000000d1480000, 0x00000000eab00000)
  object space 283136K, 99% used [0x00000000c0000000,0x00000000d1469cd0,0x00000000d1480000)
 Metaspace       used 53027K, committed 54272K, reserved 1114112K
  class space    used 5528K, committed 6080K, reserved 1048576K
}
Event: 149.243 GC heap after
{Heap after GC invocations=219 (full 2):
 PSYoungGen      total 3584K, used 605K [0x00000000eab00000, 0x00000000eaf80000, 0x0000000100000000)
  eden space 2560K, 0% used [0x00000000eab00000,0x00000000eab00000,0x00000000ead80000)
  from space 1024K, 59% used [0x00000000ead80000,0x00000000eae17698,0x00000000eae80000)
  to   space 1024K, 0% used [0x00000000eae80000,0x00000000eae80000,0x00000000eaf80000)
 ParOldGen       total 284160K, used 283890K [0x00000000c0000000, 0x00000000d1580000, 0x00000000eab00000)
  object space 284160K, 99% used [0x00000000c0000000,0x00000000d153cb20,0x00000000d1580000)
 Metaspace       used 53027K, committed 54272K, reserved 1114112K
  class space    used 5528K, committed 6080K, reserved 1048576K
}
Event: 149.655 GC heap before
{Heap before GC invocations=220 (full 2):
 PSYoungGen      total 3584K, used 3165K [0x00000000eab00000, 0x00000000eaf80000, 0x0000000100000000)
  eden space 2560K, 100% used [0x00000000eab00000,0x00000000ead80000,0x00000000ead80000)
  from space 1024K, 59% used [0x00000000ead80000,0x00000000eae17698,0x00000000eae80000)
  to   space 1024K, 0% used [0x00000000eae80000,0x00000000eae80000,0x00000000eaf80000)
 ParOldGen       total 284160K, used 283890K [0x00000000c0000000, 0x00000000d1580000, 0x00000000eab00000)
  object space 284160K, 99% used [0x00000000c0000000,0x00000000d153cb20,0x00000000d1580000)
 Metaspace       used 53203K, committed 54528K, reserved 1114112K
  class space    used 5547K, committed 6144K, reserved 1048576K
}
Event: 149.662 GC heap after
{Heap after GC invocations=220 (full 2):
 PSYoungGen      total 3072K, used 160K [0x00000000eab00000, 0x00000000eaf00000, 0x0000000100000000)
  eden space 2560K, 0% used [0x00000000eab00000,0x00000000eab00000,0x00000000ead80000)
  from space 512K, 31% used [0x00000000eae80000,0x00000000eaea8000,0x00000000eaf00000)
  to   space 512K, 0% used [0x00000000eae00000,0x00000000eae00000,0x00000000eae80000)
 ParOldGen       total 284672K, used 284427K [0x00000000c0000000, 0x00000000d1600000, 0x00000000eab00000)
  object space 284672K, 99% used [0x00000000c0000000,0x00000000d15c2d68,0x00000000d1600000)
 Metaspace       used 53203K, committed 54528K, reserved 1114112K
  class space    used 5547K, committed 6144K, reserved 1048576K
}
Event: 150.159 GC heap before
{Heap before GC invocations=221 (full 2):
 PSYoungGen      total 3072K, used 2683K [0x00000000eab00000, 0x00000000eaf00000, 0x0000000100000000)
  eden space 2560K, 98% used [0x00000000eab00000,0x00000000ead76da0,0x00000000ead80000)
  from space 512K, 31% used [0x00000000eae80000,0x00000000eaea8000,0x00000000eaf00000)
  to   space 512K, 0% used [0x00000000eae00000,0x00000000eae00000,0x00000000eae80000)
 ParOldGen       total 284672K, used 284427K [0x00000000c0000000, 0x00000000d1600000, 0x00000000eab00000)
  object space 284672K, 99% used [0x00000000c0000000,0x00000000d15c2d68,0x00000000d1600000)
 Metaspace       used 53412K, committed 54656K, reserved 1114112K
  class space    used 5570K, committed 6144K, reserved 1048576K
}
Event: 150.162 GC heap after
{Heap after GC invocations=221 (full 2):
 PSYoungGen      total 3072K, used 237K [0x00000000eab00000, 0x00000000eaf00000, 0x0000000100000000)
  eden space 2560K, 0% used [0x00000000eab00000,0x00000000eab00000,0x00000000ead80000)
  from space 512K, 46% used [0x00000000eae00000,0x00000000eae3b400,0x00000000eae80000)
  to   space 512K, 0% used [0x00000000eae80000,0x00000000eae80000,0x00000000eaf00000)
 ParOldGen       total 284672K, used 284535K [0x00000000c0000000, 0x00000000d1600000, 0x00000000eab00000)
  object space 284672K, 99% used [0x00000000c0000000,0x00000000d15ddc40,0x00000000d1600000)
 Metaspace       used 53412K, committed 54656K, reserved 1114112K
  class space    used 5570K, committed 6144K, reserved 1048576K
}
Event: 150.427 GC heap before
{Heap before GC invocations=222 (full 2):
 PSYoungGen      total 3072K, used 2761K [0x00000000eab00000, 0x00000000eaf00000, 0x0000000100000000)
  eden space 2560K, 98% used [0x00000000eab00000,0x00000000ead771b0,0x00000000ead80000)
  from space 512K, 46% used [0x00000000eae00000,0x00000000eae3b400,0x00000000eae80000)
  to   space 512K, 0% used [0x00000000eae80000,0x00000000eae80000,0x00000000eaf00000)
 ParOldGen       total 284672K, used 284535K [0x00000000c0000000, 0x00000000d1600000, 0x00000000eab00000)
  object space 284672K, 99% used [0x00000000c0000000,0x00000000d15ddc40,0x00000000d1600000)
 Metaspace       used 53552K, committed 54784K, reserved 1114112K
  class space    used 5586K, committed 6144K, reserved 1048576K
}
Event: 150.515 GC heap after
{Heap after GC invocations=222 (full 2):
 PSYoungGen      total 3072K, used 224K [0x00000000eab00000, 0x00000000eaf00000, 0x0000000100000000)
  eden space 2560K, 0% used [0x00000000eab00000,0x00000000eab00000,0x00000000ead80000)
  from space 512K, 43% used [0x00000000eae80000,0x00000000eaeb8000,0x00000000eaf00000)
  to   space 512K, 0% used [0x00000000eae00000,0x00000000eae00000,0x00000000eae80000)
 ParOldGen       total 284672K, used 284637K [0x00000000c0000000, 0x00000000d1600000, 0x00000000eab00000)
  object space 284672K, 99% used [0x00000000c0000000,0x00000000d15f75a0,0x00000000d1600000)
 Metaspace       used 53552K, committed 54784K, reserved 1114112K
  class space    used 5586K, committed 6144K, reserved 1048576K
}
Event: 150.933 GC heap before
{Heap before GC invocations=223 (full 2):
 PSYoungGen      total 3072K, used 2784K [0x00000000eab00000, 0x00000000eaf00000, 0x0000000100000000)
  eden space 2560K, 100% used [0x00000000eab00000,0x00000000ead80000,0x00000000ead80000)
  from space 512K, 43% used [0x00000000eae80000,0x00000000eaeb8000,0x00000000eaf00000)
  to   space 512K, 0% used [0x00000000eae00000,0x00000000eae00000,0x00000000eae80000)
 ParOldGen       total 284672K, used 284637K [0x00000000c0000000, 0x00000000d1600000, 0x00000000eab00000)
  object space 284672K, 99% used [0x00000000c0000000,0x00000000d15f75a0,0x00000000d1600000)
 Metaspace       used 53803K, committed 55104K, reserved 1114112K
  class space    used 5610K, committed 6208K, reserved 1048576K
}
Event: 150.938 GC heap after
{Heap after GC invocations=223 (full 2):
 PSYoungGen      total 3072K, used 224K [0x00000000eab00000, 0x00000000eaf00000, 0x0000000100000000)
  eden space 2560K, 0% used [0x00000000eab00000,0x00000000eab00000,0x00000000ead80000)
  from space 512K, 43% used [0x00000000eae00000,0x00000000eae38000,0x00000000eae80000)
  to   space 512K, 0% used [0x00000000eae80000,0x00000000eae80000,0x00000000eaf00000)
 ParOldGen       total 285184K, used 284781K [0x00000000c0000000, 0x00000000d1680000, 0x00000000eab00000)
  object space 285184K, 99% used [0x00000000c0000000,0x00000000d161b5c0,0x00000000d1680000)
 Metaspace       used 53803K, committed 55104K, reserved 1114112K
  class space    used 5610K, committed 6208K, reserved 1048576K
}
Event: 151.966 GC heap before
{Heap before GC invocations=224 (full 2):
 PSYoungGen      total 3072K, used 2784K [0x00000000eab00000, 0x00000000eaf00000, 0x0000000100000000)
  eden space 2560K, 100% used [0x00000000eab00000,0x00000000ead80000,0x00000000ead80000)
  from space 512K, 43% used [0x00000000eae00000,0x00000000eae38000,0x00000000eae80000)
  to   space 512K, 0% used [0x00000000eae80000,0x00000000eae80000,0x00000000eaf00000)
 ParOldGen       total 285184K, used 284781K [0x00000000c0000000, 0x00000000d1680000, 0x00000000eab00000)
  object space 285184K, 99% used [0x00000000c0000000,0x00000000d161b5c0,0x00000000d1680000)
 Metaspace       used 53982K, committed 55232K, reserved 1114112K
  class space    used 5624K, committed 6208K, reserved 1048576K
}
Event: 151.970 GC heap after
{Heap after GC invocations=224 (full 2):
 PSYoungGen      total 3072K, used 352K [0x00000000eab00000, 0x00000000eaf00000, 0x0000000100000000)
  eden space 2560K, 0% used [0x00000000eab00000,0x00000000eab00000,0x00000000ead80000)
  from space 512K, 68% used [0x00000000eae80000,0x00000000eaed8000,0x00000000eaf00000)
  to   space 512K, 0% used [0x00000000eae00000,0x00000000eae00000,0x00000000eae80000)
 ParOldGen       total 285184K, used 284949K [0x00000000c0000000, 0x00000000d1680000, 0x00000000eab00000)
  object space 285184K, 99% used [0x00000000c0000000,0x00000000d16455c0,0x00000000d1680000)
 Metaspace       used 53982K, committed 55232K, reserved 1114112K
  class space    used 5624K, committed 6208K, reserved 1048576K
}
Event: 152.599 GC heap before
{Heap before GC invocations=225 (full 2):
 PSYoungGen      total 3072K, used 2909K [0x00000000eab00000, 0x00000000eaf00000, 0x0000000100000000)
  eden space 2560K, 99% used [0x00000000eab00000,0x00000000ead7f778,0x00000000ead80000)
  from space 512K, 68% used [0x00000000eae80000,0x00000000eaed8000,0x00000000eaf00000)
  to   space 512K, 0% used [0x00000000eae00000,0x00000000eae00000,0x00000000eae80000)
 ParOldGen       total 285184K, used 284949K [0x00000000c0000000, 0x00000000d1680000, 0x00000000eab00000)
  object space 285184K, 99% used [0x00000000c0000000,0x00000000d16455c0,0x00000000d1680000)
 Metaspace       used 54207K, committed 55488K, reserved 1114112K
  class space    used 5638K, committed 6208K, reserved 1048576K
}
Event: 152.815 GC heap after
{Heap after GC invocations=225 (full 2):
 PSYoungGen      total 3072K, used 416K [0x00000000eab00000, 0x00000000eaf00000, 0x0000000100000000)
  eden space 2560K, 0% used [0x00000000eab00000,0x00000000eab00000,0x00000000ead80000)
  from space 512K, 81% used [0x00000000eae00000,0x00000000eae68020,0x00000000eae80000)
  to   space 512K, 0% used [0x00000000eae80000,0x00000000eae80000,0x00000000eaf00000)
 ParOldGen       total 285696K, used 285197K [0x00000000c0000000, 0x00000000d1700000, 0x00000000eab00000)
  object space 285696K, 99% used [0x00000000c0000000,0x00000000d16835c0,0x00000000d1700000)
 Metaspace       used 54207K, committed 55488K, reserved 1114112K
  class space    used 5638K, committed 6208K, reserved 1048576K
}
Event: 154.133 GC heap before
{Heap before GC invocations=226 (full 2):
 PSYoungGen      total 3072K, used 2976K [0x00000000eab00000, 0x00000000eaf00000, 0x0000000100000000)
  eden space 2560K, 99% used [0x00000000eab00000,0x00000000ead7fff8,0x00000000ead80000)
  from space 512K, 81% used [0x00000000eae00000,0x00000000eae68020,0x00000000eae80000)
  to   space 512K, 0% used [0x00000000eae80000,0x00000000eae80000,0x00000000eaf00000)
 ParOldGen       total 285696K, used 285197K [0x00000000c0000000, 0x00000000d1700000, 0x00000000eab00000)
  object space 285696K, 99% used [0x00000000c0000000,0x00000000d16835c0,0x00000000d1700000)
 Metaspace       used 54555K, committed 55872K, reserved 1114112K
  class space    used 5676K, committed 6272K, reserved 1048576K
}
Event: 154.135 GC heap after
{Heap after GC invocations=226 (full 2):
 PSYoungGen      total 3072K, used 256K [0x00000000eab00000, 0x00000000eaf00000, 0x0000000100000000)
  eden space 2560K, 0% used [0x00000000eab00000,0x00000000eab00000,0x00000000ead80000)
  from space 512K, 50% used [0x00000000eae80000,0x00000000eaec0000,0x00000000eaf00000)
  to   space 512K, 0% used [0x00000000eae00000,0x00000000eae00000,0x00000000eae80000)
 ParOldGen       total 285696K, used 285535K [0x00000000c0000000, 0x00000000d1700000, 0x00000000eab00000)
  object space 285696K, 99% used [0x00000000c0000000,0x00000000d16d7db8,0x00000000d1700000)
 Metaspace       used 54555K, committed 55872K, reserved 1114112K
  class space    used 5676K, committed 6272K, reserved 1048576K
}
Event: 154.336 GC heap before
{Heap before GC invocations=227 (full 2):
 PSYoungGen      total 3072K, used 2815K [0x00000000eab00000, 0x00000000eaf00000, 0x0000000100000000)
  eden space 2560K, 99% used [0x00000000eab00000,0x00000000ead7ff38,0x00000000ead80000)
  from space 512K, 50% used [0x00000000eae80000,0x00000000eaec0000,0x00000000eaf00000)
  to   space 512K, 0% used [0x00000000eae00000,0x00000000eae00000,0x00000000eae80000)
 ParOldGen       total 285696K, used 285535K [0x00000000c0000000, 0x00000000d1700000, 0x00000000eab00000)
  object space 285696K, 99% used [0x00000000c0000000,0x00000000d16d7db8,0x00000000d1700000)
 Metaspace       used 54713K, committed 56064K, reserved 1114112K
  class space    used 5716K, committed 6336K, reserved 1048576K
}
Event: 154.549 GC heap after
{Heap after GC invocations=227 (full 2):
 PSYoungGen      total 3072K, used 482K [0x00000000eab00000, 0x00000000eaf80000, 0x0000000100000000)
  eden space 2560K, 0% used [0x00000000eab00000,0x00000000eab00000,0x00000000ead80000)
  from space 512K, 94% used [0x00000000eae00000,0x00000000eae78970,0x00000000eae80000)
  to   space 1024K, 0% used [0x00000000eae80000,0x00000000eae80000,0x00000000eaf80000)
 ParOldGen       total 285696K, used 285679K [0x00000000c0000000, 0x00000000d1700000, 0x00000000eab00000)
  object space 285696K, 99% used [0x00000000c0000000,0x00000000d16fbdb8,0x00000000d1700000)
 Metaspace       used 54713K, committed 56064K, reserved 1114112K
  class space    used 5716K, committed 6336K, reserved 1048576K
}

